2026-02-02 21:16:27.269 | INFO     | api.middleware.logging_middleware:dispatch:21 - POST /api/auth/login - 200 (217.0ms)
2026-02-02 21:16:27.291 | INFO     | api.middleware.logging_middleware:dispatch:21 - GET /api/auth/me - 200 (7.0ms)
2026-02-02 21:16:33.263 | INFO     | api.middleware.logging_middleware:dispatch:21 - POST /api/conversion/scan - 200 (84.38ms)
2026-02-02 21:16:37.618 | INFO     | api.middleware.logging_middleware:dispatch:21 - POST /api/conversion/convert - 200 (735.0ms)
2026-02-02 21:16:37.676 | INFO     | api.middleware.logging_middleware:dispatch:21 - GET /api/conversion/files/93570459359d4064a334250b08297260 - 200 (41.54ms)
2026-02-02 21:16:37.695 | INFO     | api.middleware.logging_middleware:dispatch:21 - GET /api/conversion/files/93570459359d4064a334250b08297260 - 200 (10.94ms)
2026-02-02 21:16:37.741 | INFO     | api.middleware.logging_middleware:dispatch:21 - GET /api/conversion/preview/93570459359d4064a334250b08297260/525252.csv - 200 (34.0ms)
2026-02-02 21:16:37.760 | INFO     | api.middleware.logging_middleware:dispatch:21 - GET /api/conversion/preview/93570459359d4064a334250b08297260/525252.csv - 200 (11.0ms)
2026-02-02 21:16:38.697 | INFO     | api.middleware.logging_middleware:dispatch:21 - POST /api/conversion/scan - 200 (77.0ms)
2026-02-02 21:16:38.733 | INFO     | api.middleware.logging_middleware:dispatch:21 - GET /api/conversion/files/681c68cffda342edac760c6c7b5cca66 - 200 (22.0ms)
2026-02-02 21:16:58.973 | INFO     | api.middleware.logging_middleware:dispatch:21 - POST /api/auth/refresh - 200 (14.0ms)
2026-02-02 21:16:58.983 | INFO     | api.middleware.logging_middleware:dispatch:21 - GET /api/auth/me - 200 (2.0ms)
2026-02-02 21:17:04.922 | INFO     | api.middleware.logging_middleware:dispatch:21 - POST /api/conversion/scan - 200 (73.0ms)
2026-02-02 21:17:12.133 | INFO     | api.middleware.logging_middleware:dispatch:21 - POST /api/conversion/convert - 200 (245.0ms)
2026-02-02 21:17:12.175 | INFO     | api.middleware.logging_middleware:dispatch:21 - GET /api/conversion/files/d57f37c0a69143b9ac3010be27dc8802 - 200 (33.0ms)
2026-02-02 21:17:12.195 | INFO     | api.middleware.logging_middleware:dispatch:21 - GET /api/conversion/files/d57f37c0a69143b9ac3010be27dc8802 - 200 (16.0ms)
2026-02-02 21:17:12.200 | INFO     | api.middleware.logging_middleware:dispatch:21 - GET /api/conversion/preview/d57f37c0a69143b9ac3010be27dc8802/525252.csv - 200 (14.01ms)
2026-02-02 21:17:12.218 | INFO     | api.middleware.logging_middleware:dispatch:21 - GET /api/conversion/preview/d57f37c0a69143b9ac3010be27dc8802/525252.csv - 200 (9.0ms)
2026-02-02 21:17:43.514 | INFO     | api.middleware.logging_middleware:dispatch:21 - GET /api/conversion/preview/d57f37c0a69143b9ac3010be27dc8802/525252.csv - 200 (8.0ms)
2026-02-02 21:17:45.291 | INFO     | api.middleware.logging_middleware:dispatch:21 - GET /api/conversion/preview/d57f37c0a69143b9ac3010be27dc8802/posted_content_4.4.2.csv - 200 (25.0ms)
2026-02-02 21:17:46.393 | INFO     | api.middleware.logging_middleware:dispatch:21 - GET /api/conversion/preview/d57f37c0a69143b9ac3010be27dc8802/resource_clinicaltrial_4.4.2.csv - 200 (17.0ms)
2026-02-02 21:17:47.817 | INFO     | api.middleware.logging_middleware:dispatch:21 - GET /api/conversion/preview/d57f37c0a69143b9ac3010be27dc8802/resource_crossmark_4.4.2.csv - 200 (16.99ms)
2026-02-02 21:17:48.474 | INFO     | api.middleware.logging_middleware:dispatch:21 - GET /api/conversion/preview/d57f37c0a69143b9ac3010be27dc8802/resource_funding_4.4.2.csv - 200 (18.0ms)
2026-02-02 21:17:49.326 | INFO     | api.middleware.logging_middleware:dispatch:21 - GET /api/conversion/preview/d57f37c0a69143b9ac3010be27dc8802/resource_license_fulltext_4.4.2.csv - 200 (22.0ms)
2026-02-02 21:17:49.753 | INFO     | api.middleware.logging_middleware:dispatch:21 - GET /api/conversion/preview/d57f37c0a69143b9ac3010be27dc8802/resource_mr_secondary_4.4.2.csv - 200 (16.0ms)
2026-02-02 21:19:03.449 | INFO     | api.middleware.logging_middleware:dispatch:21 - GET /api/conversion/preview/d57f37c0a69143b9ac3010be27dc8802/resource_mr_secondary_4.4.2.csv - 200 (8.0ms)
2026-02-02 21:19:05.023 | INFO     | api.middleware.logging_middleware:dispatch:21 - GET /api/conversion/preview/d57f37c0a69143b9ac3010be27dc8802/resource_funding_4.4.2.csv - 200 (7.0ms)
2026-02-02 21:19:05.391 | INFO     | api.middleware.logging_middleware:dispatch:21 - GET /api/conversion/preview/d57f37c0a69143b9ac3010be27dc8802/resource_crossmark_4.4.2.csv - 200 (8.0ms)
2026-02-02 21:19:05.858 | INFO     | api.middleware.logging_middleware:dispatch:21 - GET /api/conversion/preview/d57f37c0a69143b9ac3010be27dc8802/resource_clinicaltrial_4.4.2.csv - 200 (9.0ms)
2026-02-02 21:19:06.468 | INFO     | api.middleware.logging_middleware:dispatch:21 - GET /api/conversion/preview/d57f37c0a69143b9ac3010be27dc8802/resource_license_fulltext_4.4.2.csv - 200 (10.98ms)
2026-02-02 21:19:06.849 | INFO     | api.middleware.logging_middleware:dispatch:21 - GET /api/conversion/preview/d57f37c0a69143b9ac3010be27dc8802/resource_mr_secondary_4.4.2.csv - 200 (8.0ms)
2026-02-02 21:19:16.568 | INFO     | api.middleware.logging_middleware:dispatch:21 - GET /api/conversion/preview/d57f37c0a69143b9ac3010be27dc8802/resource_mr_secondary_4.4.2.csv - 200 (8.0ms)
2026-02-02 21:19:19.945 | INFO     | api.middleware.logging_middleware:dispatch:21 - GET /api/conversion/preview/d57f37c0a69143b9ac3010be27dc8802/resource_funding_4.4.2.csv - 200 (9.0ms)
2026-02-02 21:19:35.160 | INFO     | api.middleware.logging_middleware:dispatch:21 - POST /api/conversion/scan - 200 (71.0ms)
2026-02-02 21:19:36.140 | INFO     | api.middleware.logging_middleware:dispatch:21 - POST /api/conversion/scan - 200 (37.0ms)
2026-02-02 21:23:10.906 | INFO     | api.middleware.logging_middleware:dispatch:21 - POST /api/ai/index - 200 (11939.04ms)
2026-02-02 23:32:51.250 | INFO     | api.middleware.logging_middleware:dispatch:21 - POST /api/auth/refresh - 200 (218.0ms)
2026-02-02 23:32:51.273 | INFO     | api.middleware.logging_middleware:dispatch:21 - GET /api/auth/me - 200 (10.0ms)
2026-02-02 23:32:51.309 | INFO     | api.middleware.logging_middleware:dispatch:21 - GET /api/ai/session - 404 (9.0ms)
2026-02-02 23:32:51.394 | INFO     | api.middleware.logging_middleware:dispatch:21 - POST /api/ai/session - 404 (6.0ms)
2026-02-02 23:32:56.208 | INFO     | api.middleware.logging_middleware:dispatch:21 - POST /api/auth/refresh - 401 (83.0ms)
2026-02-02 23:32:56.846 | INFO     | api.middleware.logging_middleware:dispatch:21 - POST /api/auth/logout - 200 (832.68ms)
2026-02-02 23:32:59.021 | INFO     | api.middleware.logging_middleware:dispatch:21 - POST /api/auth/login - 200 (433.88ms)
2026-02-02 23:32:59.048 | INFO     | api.middleware.logging_middleware:dispatch:21 - GET /api/auth/me - 200 (4.01ms)
2026-02-02 23:32:59.079 | INFO     | api.middleware.logging_middleware:dispatch:21 - GET /api/ai/session - 404 (6.99ms)
2026-02-02 23:32:59.097 | INFO     | api.middleware.logging_middleware:dispatch:21 - POST /api/ai/session - 404 (6.0ms)
2026-02-02 23:33:11.703 | INFO     | api.middleware.logging_middleware:dispatch:21 - POST /api/conversion/scan - 200 (88.0ms)
2026-02-02 23:33:15.533 | INFO     | api.middleware.logging_middleware:dispatch:21 - POST /api/conversion/scan - 200 (70.0ms)
2026-02-02 23:33:16.693 | INFO     | api.middleware.logging_middleware:dispatch:21 - POST /api/conversion/convert - 200 (519.0ms)
2026-02-02 23:33:16.745 | INFO     | api.middleware.logging_middleware:dispatch:21 - GET /api/conversion/files/366fdbf2ca8a47ae97c01feca7b3a107 - 200 (40.0ms)
2026-02-02 23:33:16.787 | INFO     | api.middleware.logging_middleware:dispatch:21 - GET /api/conversion/preview/366fdbf2ca8a47ae97c01feca7b3a107/525252.csv - 200 (29.0ms)
2026-02-02 23:33:31.744 | INFO     | api.middleware.logging_middleware:dispatch:21 - GET /api/conversion/preview/366fdbf2ca8a47ae97c01feca7b3a107/crossmark_2_4.4.2.csv - 200 (21.0ms)
2026-02-02 23:37:07.831 | INFO     | api.middleware.logging_middleware:dispatch:21 - GET /api/conversion/preview/366fdbf2ca8a47ae97c01feca7b3a107/crossmark_nocrossmark_correction_4.4.2.csv - 200 (47.0ms)
2026-02-02 23:37:20.692 | INFO     | api.middleware.logging_middleware:dispatch:21 - POST /api/comparison/run - 500 (13.0ms)
2026-02-02 23:37:32.364 | INFO     | api.middleware.logging_middleware:dispatch:21 - POST /api/comparison/run - 500 (7.0ms)
2026-02-02 23:37:34.868 | INFO     | api.middleware.logging_middleware:dispatch:21 - POST /api/comparison/run - 500 (6.0ms)
2026-02-02 23:37:40.358 | INFO     | api.middleware.logging_middleware:dispatch:21 - POST /api/comparison/run - 500 (8.0ms)
2026-02-02 23:37:42.847 | INFO     | api.middleware.logging_middleware:dispatch:21 - POST /api/comparison/run - 500 (9.0ms)
2026-02-02 23:37:44.411 | INFO     | api.middleware.logging_middleware:dispatch:21 - POST /api/comparison/run - 500 (10.0ms)
2026-02-02 23:38:23.638 | INFO     | api.middleware.logging_middleware:dispatch:21 - POST /api/ai/index - 400 (15.0ms)
2026-02-02 23:38:27.923 | INFO     | api.middleware.logging_middleware:dispatch:21 - POST /api/ai/chat - 400 (10.0ms)
2026-02-02 23:38:32.852 | INFO     | api.middleware.logging_middleware:dispatch:21 - POST /api/ai/index - 400 (6.0ms)
2026-02-02 23:38:48.889 | INFO     | api.middleware.logging_middleware:dispatch:21 - POST /api/comparison/run - 500 (9.0ms)
2026-02-02 23:39:02.856 | INFO     | api.middleware.logging_middleware:dispatch:21 - POST /api/auth/logout - 200 (94.0ms)
2026-02-02 23:39:02.889 | INFO     | api.middleware.logging_middleware:dispatch:21 - POST /api/auth/refresh - 401 (10.0ms)
2026-02-02 23:39:11.939 | INFO     | api.middleware.logging_middleware:dispatch:21 - POST /api/auth/login - 200 (102.0ms)
2026-02-02 23:39:11.953 | INFO     | api.middleware.logging_middleware:dispatch:21 - GET /api/auth/me - 200 (4.0ms)
2026-02-02 23:39:12.344 | INFO     | api.middleware.logging_middleware:dispatch:21 - GET /api/admin/ops-logs - 200 (334.0ms)
2026-02-02 23:39:12.346 | INFO     | api.middleware.logging_middleware:dispatch:21 - GET /api/admin/reset-requests - 200 (352.0ms)
2026-02-02 23:39:12.353 | INFO     | api.middleware.logging_middleware:dispatch:21 - GET /api/admin/stats - 200 (367.0ms)
2026-02-02 23:39:12.355 | INFO     | api.middleware.logging_middleware:dispatch:21 - GET /api/admin/sessions - 200 (345.0ms)
2026-02-02 23:39:12.359 | INFO     | api.middleware.logging_middleware:dispatch:21 - GET /api/admin/users - 200 (366.0ms)
2026-02-02 23:39:12.361 | INFO     | api.middleware.logging_middleware:dispatch:21 - GET /api/admin/audit-logs - 200 (351.0ms)
2026-02-02 23:39:12.384 | INFO     | api.middleware.logging_middleware:dispatch:21 - GET /api/admin/ai-indexing-config - 200 (9.0ms)
2026-02-02 23:39:27.374 | INFO     | api.middleware.logging_middleware:dispatch:21 - POST /api/admin/ai-indexing-config - 200 (9.99ms)
2026-02-02 23:39:40.878 | INFO     | api.middleware.logging_middleware:dispatch:21 - POST /api/admin/sessions/cleanup - 200 (17.0ms)
2026-02-02 23:39:40.951 | INFO     | api.middleware.logging_middleware:dispatch:21 - GET /api/admin/reset-requests - 200 (42.0ms)
2026-02-02 23:39:40.955 | INFO     | api.middleware.logging_middleware:dispatch:21 - GET /api/admin/ops-logs - 200 (44.0ms)
2026-02-02 23:39:40.961 | INFO     | api.middleware.logging_middleware:dispatch:21 - GET /api/admin/users - 200 (62.0ms)
2026-02-02 23:39:40.962 | INFO     | api.middleware.logging_middleware:dispatch:21 - GET /api/admin/stats - 200 (63.0ms)
2026-02-02 23:39:40.962 | INFO     | api.middleware.logging_middleware:dispatch:21 - GET /api/admin/sessions - 200 (34.0ms)
2026-02-02 23:39:40.966 | INFO     | api.middleware.logging_middleware:dispatch:21 - GET /api/admin/audit-logs - 200 (55.99ms)
2026-02-02 23:39:55.070 | INFO     | api.middleware.logging_middleware:dispatch:21 - GET /api/admin/reset-requests - 200 (37.0ms)
2026-02-02 23:39:55.076 | INFO     | api.middleware.logging_middleware:dispatch:21 - GET /api/admin/sessions - 200 (24.0ms)
2026-02-02 23:39:55.078 | INFO     | api.middleware.logging_middleware:dispatch:21 - GET /api/admin/users - 200 (46.01ms)
2026-02-02 23:39:55.079 | INFO     | api.middleware.logging_middleware:dispatch:21 - GET /api/admin/ops-logs - 200 (32.0ms)
2026-02-02 23:39:55.080 | INFO     | api.middleware.logging_middleware:dispatch:21 - GET /api/admin/audit-logs - 200 (47.0ms)
2026-02-02 23:39:55.081 | INFO     | api.middleware.logging_middleware:dispatch:21 - GET /api/admin/stats - 200 (54.0ms)
2026-02-02 23:39:55.549 | INFO     | api.middleware.logging_middleware:dispatch:21 - GET /api/ai/session - 404 (7.0ms)
2026-02-02 23:39:55.563 | INFO     | api.middleware.logging_middleware:dispatch:21 - POST /api/ai/session - 404 (6.0ms)
2026-02-03 01:36:08.790 | INFO     | api.middleware.logging_middleware:dispatch:21 - POST /api/auth/refresh - 200 (65.0ms)
2026-02-03 01:36:08.861 | INFO     | api.middleware.logging_middleware:dispatch:21 - GET /api/auth/me - 200 (8.0ms)
2026-02-03 01:36:08.890 | INFO     | api.middleware.logging_middleware:dispatch:21 - POST /api/auth/refresh - 200 (11.0ms)
2026-02-03 01:36:09.160 | INFO     | api.middleware.logging_middleware:dispatch:21 - GET /api/admin/users - 200 (241.0ms)
2026-02-03 01:36:09.173 | INFO     | api.middleware.logging_middleware:dispatch:21 - GET /api/admin/ops-logs - 200 (214.0ms)
2026-02-03 01:36:09.185 | INFO     | api.middleware.logging_middleware:dispatch:21 - GET /api/admin/reset-requests - 200 (253.0ms)
2026-02-03 01:36:09.192 | INFO     | api.middleware.logging_middleware:dispatch:21 - GET /api/admin/stats - 200 (260.0ms)
2026-02-03 01:36:09.196 | INFO     | api.middleware.logging_middleware:dispatch:21 - GET /api/admin/sessions - 200 (227.0ms)
2026-02-03 01:36:09.202 | INFO     | api.middleware.logging_middleware:dispatch:21 - GET /api/admin/audit-logs - 200 (251.0ms)
2026-02-03 01:36:09.215 | INFO     | api.middleware.logging_middleware:dispatch:21 - GET /api/auth/me - 200 (13.0ms)
2026-02-03 01:36:09.234 | INFO     | api.middleware.logging_middleware:dispatch:21 - GET /api/admin/ai-indexing-config - 200 (10.0ms)
2026-02-03 01:36:09.290 | INFO     | api.middleware.logging_middleware:dispatch:21 - GET /api/ai/session - 404 (10.0ms)
2026-02-03 01:36:09.316 | INFO     | api.middleware.logging_middleware:dispatch:21 - POST /api/ai/session - 200 (15.0ms)
2026-02-03 01:36:11.601 | INFO     | api.middleware.logging_middleware:dispatch:21 - POST /api/auth/logout - 200 (19.0ms)
2026-02-03 01:36:11.688 | INFO     | api.middleware.logging_middleware:dispatch:21 - POST /api/auth/refresh - 401 (4.0ms)
2026-02-03 01:36:24.072 | INFO     | api.middleware.logging_middleware:dispatch:21 - POST /api/auth/login - 200 (105.0ms)
2026-02-03 01:36:24.084 | INFO     | api.middleware.logging_middleware:dispatch:21 - GET /api/auth/me - 200 (3.0ms)
2026-02-03 01:36:24.141 | INFO     | api.middleware.logging_middleware:dispatch:21 - GET /api/admin/stats - 200 (32.0ms)
2026-02-03 01:36:24.175 | INFO     | api.middleware.logging_middleware:dispatch:21 - GET /api/admin/reset-requests - 200 (40.0ms)
2026-02-03 01:36:24.179 | INFO     | api.middleware.logging_middleware:dispatch:21 - GET /api/admin/users - 200 (52.0ms)
2026-02-03 01:36:24.180 | INFO     | api.middleware.logging_middleware:dispatch:21 - GET /api/admin/ops-logs - 200 (33.0ms)
2026-02-03 01:36:24.183 | INFO     | api.middleware.logging_middleware:dispatch:21 - GET /api/admin/sessions - 200 (30.0ms)
2026-02-03 01:36:24.186 | INFO     | api.middleware.logging_middleware:dispatch:21 - GET /api/admin/audit-logs - 200 (45.0ms)
2026-02-03 01:36:24.208 | INFO     | api.middleware.logging_middleware:dispatch:21 - GET /api/admin/ai-indexing-config - 200 (10.0ms)
2026-02-03 01:36:37.872 | INFO     | api.middleware.logging_middleware:dispatch:21 - GET /api/admin/users/1 - 200 (8.0ms)
2026-02-03 01:36:42.111 | INFO     | api.middleware.logging_middleware:dispatch:21 - GET /api/admin/users/2 - 200 (8.0ms)
2026-02-03 01:37:07.403 | INFO     | api.middleware.logging_middleware:dispatch:21 - GET /api/ai/session - 200 (20.0ms)
2026-02-03 01:37:16.719 | INFO     | api.middleware.logging_middleware:dispatch:21 - POST /api/conversion/scan - 200 (73.0ms)
2026-02-03 01:37:24.565 | INFO     | api.middleware.logging_middleware:dispatch:21 - POST /api/conversion/convert - 200 (575.0ms)
2026-02-03 01:37:24.614 | INFO     | api.middleware.logging_middleware:dispatch:21 - GET /api/conversion/files/70ff32560efe4bfe8f855283243e78b2 - 200 (39.0ms)
2026-02-03 01:37:24.663 | INFO     | api.middleware.logging_middleware:dispatch:21 - GET /api/conversion/preview/70ff32560efe4bfe8f855283243e78b2/525252.csv - 200 (33.55ms)
2026-02-03 01:37:38.208 | INFO     | api.middleware.logging_middleware:dispatch:21 - GET /api/conversion/preview/70ff32560efe4bfe8f855283243e78b2/peer_review_R1-1_4.4.2.csv - 200 (23.0ms)
2026-02-03 01:39:04.211 | INFO     | api.middleware.logging_middleware:dispatch:21 - POST /api/comparison/run - 500 (11.12ms)
2026-02-03 01:39:09.326 | INFO     | api.middleware.logging_middleware:dispatch:21 - POST /api/comparison/run - 500 (9.0ms)
2026-02-03 01:39:22.189 | INFO     | api.middleware.logging_middleware:dispatch:21 - POST /api/comparison/run - 500 (7.0ms)
2026-02-03 01:39:24.644 | INFO     | api.middleware.logging_middleware:dispatch:21 - POST /api/comparison/run - 500 (8.0ms)
2026-02-03 01:39:27.124 | INFO     | api.middleware.logging_middleware:dispatch:21 - POST /api/comparison/run - 500 (8.0ms)
2026-02-03 01:39:32.365 | INFO     | api.middleware.logging_middleware:dispatch:21 - POST /api/comparison/run - 500 (8.0ms)
2026-02-03 01:39:45.269 | INFO     | api.middleware.logging_middleware:dispatch:21 - POST /api/auth/refresh - 200 (11.0ms)
2026-02-03 01:39:45.279 | INFO     | api.middleware.logging_middleware:dispatch:21 - GET /api/auth/me - 200 (2.0ms)
2026-02-03 01:39:45.305 | INFO     | api.middleware.logging_middleware:dispatch:21 - GET /api/ai/session - 200 (9.0ms)
2026-02-03 01:39:52.967 | INFO     | api.middleware.logging_middleware:dispatch:21 - POST /api/comparison/run - 500 (10.0ms)
2026-02-03 01:39:55.045 | INFO     | api.middleware.logging_middleware:dispatch:21 - POST /api/comparison/run - 500 (7.0ms)
2026-02-03 01:39:56.269 | INFO     | api.middleware.logging_middleware:dispatch:21 - POST /api/comparison/run - 500 (8.0ms)
2026-02-03 01:40:02.496 | INFO     | api.middleware.logging_middleware:dispatch:21 - DELETE /api/ai/session/11a6b960-701a-4d61-876f-82bf475720c8 - 200 (39.0ms)
2026-02-03 01:56:22.577 | INFO     | api.middleware.logging_middleware:dispatch:21 - POST /api/auth/refresh - 200 (43.0ms)
2026-02-03 01:56:22.605 | INFO     | api.middleware.logging_middleware:dispatch:21 - GET /api/auth/me - 200 (8.0ms)
2026-02-03 01:56:22.767 | INFO     | api.middleware.logging_middleware:dispatch:21 - GET /api/admin/reset-requests - 200 (117.0ms)
2026-02-03 01:56:22.770 | INFO     | api.middleware.logging_middleware:dispatch:21 - GET /api/admin/ops-logs - 200 (120.0ms)
2026-02-03 01:56:22.778 | INFO     | api.middleware.logging_middleware:dispatch:21 - GET /api/admin/stats - 200 (142.0ms)
2026-02-03 01:56:22.779 | INFO     | api.middleware.logging_middleware:dispatch:21 - GET /api/admin/sessions - 200 (108.0ms)
2026-02-03 01:56:22.780 | INFO     | api.middleware.logging_middleware:dispatch:21 - GET /api/admin/users - 200 (144.0ms)
2026-02-03 01:56:22.782 | INFO     | api.middleware.logging_middleware:dispatch:21 - GET /api/admin/audit-logs - 200 (118.0ms)
2026-02-03 01:56:22.805 | INFO     | api.middleware.logging_middleware:dispatch:21 - GET /api/admin/ai-indexing-config - 200 (7.0ms)
2026-02-03 01:58:00.407 | INFO     | api.middleware.logging_middleware:dispatch:21 - GET /api/ai/session - 404 (10.0ms)
2026-02-03 01:58:00.446 | INFO     | api.middleware.logging_middleware:dispatch:21 - POST /api/ai/session - 200 (10.0ms)
2026-02-03 01:58:08.665 | INFO     | api.middleware.logging_middleware:dispatch:21 - POST /api/conversion/scan - 200 (71.0ms)
2026-02-03 01:58:22.226 | INFO     | api.middleware.logging_middleware:dispatch:21 - POST /api/conversion/scan - 200 (33.0ms)
2026-02-03 01:58:30.932 | INFO     | api.middleware.logging_middleware:dispatch:21 - POST /api/conversion/scan - 200 (40.0ms)
2026-02-03 01:58:33.346 | INFO     | api.middleware.logging_middleware:dispatch:21 - POST /api/conversion/scan - 200 (33.0ms)
2026-02-03 01:58:35.718 | INFO     | api.middleware.logging_middleware:dispatch:21 - POST /api/conversion/scan - 200 (35.0ms)
2026-02-03 01:58:36.430 | INFO     | api.middleware.logging_middleware:dispatch:21 - POST /api/conversion/scan - 200 (68.0ms)
2026-02-03 01:58:40.641 | INFO     | api.middleware.logging_middleware:dispatch:21 - POST /api/conversion/scan - 200 (40.0ms)
2026-02-03 01:58:41.851 | INFO     | api.middleware.logging_middleware:dispatch:21 - POST /api/conversion/scan - 200 (71.51ms)
2026-02-03 01:58:45.152 | INFO     | api.middleware.logging_middleware:dispatch:21 - POST /api/conversion/scan - 200 (38.0ms)
2026-02-03 01:58:46.070 | INFO     | api.middleware.logging_middleware:dispatch:21 - POST /api/conversion/scan - 200 (35.51ms)
2026-02-03 01:58:46.511 | INFO     | api.middleware.logging_middleware:dispatch:21 - POST /api/conversion/scan - 200 (31.01ms)
2026-02-03 01:58:46.903 | INFO     | api.middleware.logging_middleware:dispatch:21 - POST /api/conversion/scan - 200 (31.0ms)
2026-02-03 01:58:47.122 | INFO     | api.middleware.logging_middleware:dispatch:21 - POST /api/conversion/scan - 200 (34.0ms)
2026-02-03 01:58:47.307 | INFO     | api.middleware.logging_middleware:dispatch:21 - POST /api/conversion/scan - 200 (34.0ms)
2026-02-03 01:58:47.498 | INFO     | api.middleware.logging_middleware:dispatch:21 - POST /api/conversion/scan - 200 (35.0ms)
2026-02-03 01:58:47.692 | INFO     | api.middleware.logging_middleware:dispatch:21 - POST /api/conversion/scan - 200 (35.0ms)
2026-02-03 01:58:47.885 | INFO     | api.middleware.logging_middleware:dispatch:21 - POST /api/conversion/scan - 200 (36.0ms)
2026-02-03 01:58:48.065 | INFO     | api.middleware.logging_middleware:dispatch:21 - POST /api/conversion/scan - 200 (31.0ms)
2026-02-03 01:58:48.284 | INFO     | api.middleware.logging_middleware:dispatch:21 - POST /api/conversion/scan - 200 (41.27ms)
2026-02-03 01:58:48.459 | INFO     | api.middleware.logging_middleware:dispatch:21 - POST /api/conversion/scan - 200 (34.0ms)
2026-02-03 01:58:48.652 | INFO     | api.middleware.logging_middleware:dispatch:21 - POST /api/conversion/scan - 200 (34.0ms)
2026-02-03 01:58:48.841 | INFO     | api.middleware.logging_middleware:dispatch:21 - POST /api/conversion/scan - 200 (32.0ms)
2026-02-03 01:58:49.018 | INFO     | api.middleware.logging_middleware:dispatch:21 - POST /api/conversion/scan - 200 (32.0ms)
2026-02-03 01:58:49.210 | INFO     | api.middleware.logging_middleware:dispatch:21 - POST /api/conversion/scan - 200 (33.0ms)
2026-02-03 01:59:06.449 | INFO     | api.middleware.logging_middleware:dispatch:21 - POST /api/conversion/scan - 200 (63.0ms)
2026-02-03 01:59:09.207 | INFO     | api.middleware.logging_middleware:dispatch:21 - POST /api/conversion/convert - 200 (503.0ms)
2026-02-03 01:59:09.249 | INFO     | api.middleware.logging_middleware:dispatch:21 - GET /api/conversion/files/1c65a77c13034c8b8dad8f324ccec7a7 - 200 (33.0ms)
2026-02-03 01:59:09.284 | INFO     | api.middleware.logging_middleware:dispatch:21 - GET /api/conversion/preview/1c65a77c13034c8b8dad8f324ccec7a7/525252.csv - 200 (24.0ms)
2026-02-03 01:59:14.817 | INFO     | api.middleware.logging_middleware:dispatch:21 - GET /api/conversion/download/1c65a77c13034c8b8dad8f324ccec7a7 - 200 (208.77ms)
2026-02-03 02:02:10.589 | INFO     | api.middleware.logging_middleware:dispatch:21 - POST /api/comparison/run - 500 (11.01ms)
2026-02-03 02:05:18.587 | INFO     | api.middleware.logging_middleware:dispatch:21 - POST /api/comparison/run - 500 (8.0ms)
2026-02-03 02:07:21.370 | INFO     | api.middleware.logging_middleware:dispatch:21 - POST /api/ai/chat - 400 (606.0ms)
2026-02-03 02:07:33.905 | INFO     | api.middleware.logging_middleware:dispatch:21 - POST /api/ai/index - 400 (9.0ms)
2026-02-03 02:11:24.579 | INFO     | api.middleware.logging_middleware:dispatch:21 - GET /api/ai/session - 200 (6.63ms)
2026-02-03 02:11:34.842 | INFO     | api.middleware.logging_middleware:dispatch:21 - GET /api/ai/session - 200 (7.0ms)
2026-02-03 02:11:40.199 | INFO     | api.middleware.logging_middleware:dispatch:21 - GET /api/ai/session - 200 (8.0ms)
2026-02-03 02:11:45.544 | INFO     | api.middleware.logging_middleware:dispatch:21 - GET /api/ai/session - 200 (6.0ms)
2026-02-03 02:11:54.884 | INFO     | api.middleware.logging_middleware:dispatch:21 - GET /api/ai/session - 200 (6.0ms)
2026-02-03 02:12:30.945 | INFO     | api.middleware.logging_middleware:dispatch:21 - GET /api/ai/session - 200 (7.0ms)
2026-02-03 02:16:19.784 | INFO     | api.middleware.logging_middleware:dispatch:21 - POST /api/auth/refresh - 200 (37.0ms)
2026-02-03 02:16:19.809 | INFO     | api.middleware.logging_middleware:dispatch:21 - GET /api/auth/me - 200 (6.0ms)
2026-02-03 02:16:20.001 | INFO     | api.middleware.logging_middleware:dispatch:21 - GET /api/admin/reset-requests - 200 (140.0ms)
2026-02-03 02:16:20.005 | INFO     | api.middleware.logging_middleware:dispatch:21 - GET /api/admin/stats - 200 (164.0ms)
2026-02-03 02:16:20.013 | INFO     | api.middleware.logging_middleware:dispatch:21 - GET /api/admin/ops-logs - 200 (47.0ms)
2026-02-03 02:16:20.015 | INFO     | api.middleware.logging_middleware:dispatch:21 - GET /api/admin/users - 200 (164.0ms)
2026-02-03 02:16:20.015 | INFO     | api.middleware.logging_middleware:dispatch:21 - GET /api/admin/audit-logs - 200 (144.0ms)
2026-02-03 02:16:20.019 | INFO     | api.middleware.logging_middleware:dispatch:21 - GET /api/admin/sessions - 200 (46.0ms)
2026-02-03 02:16:20.048 | INFO     | api.middleware.logging_middleware:dispatch:21 - GET /api/admin/ai-indexing-config - 200 (11.0ms)
2026-02-03 02:16:22.693 | INFO     | api.middleware.logging_middleware:dispatch:21 - POST /api/auth/refresh - 401 (5.0ms)
2026-02-03 02:16:22.865 | INFO     | api.middleware.logging_middleware:dispatch:21 - POST /api/auth/logout - 200 (269.0ms)
2026-02-03 02:16:24.791 | INFO     | api.middleware.logging_middleware:dispatch:21 - POST /api/auth/login - 200 (105.0ms)
2026-02-03 02:16:24.800 | INFO     | api.middleware.logging_middleware:dispatch:21 - GET /api/auth/me - 200 (2.0ms)
2026-02-03 02:16:24.832 | INFO     | api.middleware.logging_middleware:dispatch:21 - GET /api/ai/session - 404 (9.0ms)
2026-02-03 02:16:24.872 | INFO     | api.middleware.logging_middleware:dispatch:21 - POST /api/ai/session - 200 (11.01ms)
2026-02-03 02:16:33.515 | INFO     | api.middleware.logging_middleware:dispatch:21 - POST /api/conversion/scan - 200 (68.99ms)
2026-02-03 02:16:36.855 | INFO     | api.middleware.logging_middleware:dispatch:21 - POST /api/conversion/scan - 200 (67.0ms)
2026-02-03 02:16:38.163 | INFO     | api.middleware.logging_middleware:dispatch:21 - POST /api/conversion/scan - 200 (69.0ms)
2026-02-03 02:16:41.760 | INFO     | api.middleware.logging_middleware:dispatch:21 - POST /api/conversion/convert - 200 (224.0ms)
2026-02-03 02:16:41.802 | INFO     | api.middleware.logging_middleware:dispatch:21 - GET /api/conversion/files/feec5345443f443f81b7ee3c313b8eb1 - 200 (35.0ms)
2026-02-03 02:16:41.824 | INFO     | api.middleware.logging_middleware:dispatch:21 - GET /api/conversion/preview/feec5345443f443f81b7ee3c313b8eb1/525252.csv - 200 (11.0ms)
2026-02-03 02:20:28.514 | INFO     | api.middleware.logging_middleware:dispatch:21 - POST /api/comparison/run - 500 (43.0ms)
2026-02-03 02:20:33.368 | INFO     | api.middleware.logging_middleware:dispatch:21 - POST /api/comparison/run - 500 (43.0ms)
2026-02-03 02:20:45.802 | INFO     | api.middleware.logging_middleware:dispatch:21 - POST /api/comparison/run - 500 (36.0ms)
2026-02-03 02:21:20.194 | INFO     | api.middleware.logging_middleware:dispatch:21 - POST /api/ai/index-session - 200 (20203.34ms)
2026-02-03 02:21:22.451 | INFO     | api.middleware.logging_middleware:dispatch:21 - POST /api/ai/chat - 200 (2256.31ms)
2026-02-03 02:21:58.169 | INFO     | api.middleware.logging_middleware:dispatch:21 - POST /api/ai/chat - 200 (7386.79ms)
2026-02-03 02:23:32.617 | INFO     | api.middleware.logging_middleware:dispatch:21 - POST /api/comparison/run - 500 (43.0ms)
2026-02-03 02:25:02.868 | INFO     | api.middleware.logging_middleware:dispatch:21 - POST /api/auth/logout - 200 (167.0ms)
2026-02-03 02:25:02.883 | INFO     | api.middleware.logging_middleware:dispatch:21 - POST /api/auth/refresh - 401 (29.0ms)
2026-02-03 02:25:13.348 | INFO     | api.middleware.logging_middleware:dispatch:21 - POST /api/auth/login - 401 (101.0ms)
2026-02-03 02:25:20.256 | INFO     | api.middleware.logging_middleware:dispatch:21 - POST /api/auth/login - 200 (100.0ms)
2026-02-03 02:25:20.267 | INFO     | api.middleware.logging_middleware:dispatch:21 - GET /api/auth/me - 200 (3.0ms)
2026-02-03 02:25:20.347 | INFO     | api.middleware.logging_middleware:dispatch:21 - GET /api/admin/reset-requests - 200 (34.0ms)
2026-02-03 02:25:20.352 | INFO     | api.middleware.logging_middleware:dispatch:21 - GET /api/admin/ops-logs - 200 (22.0ms)
2026-02-03 02:25:20.358 | INFO     | api.middleware.logging_middleware:dispatch:21 - GET /api/admin/stats - 200 (59.0ms)
2026-02-03 02:25:20.359 | INFO     | api.middleware.logging_middleware:dispatch:21 - GET /api/admin/sessions - 200 (41.0ms)
2026-02-03 02:25:20.362 | INFO     | api.middleware.logging_middleware:dispatch:21 - GET /api/admin/audit-logs - 200 (53.0ms)
2026-02-03 02:25:20.362 | INFO     | api.middleware.logging_middleware:dispatch:21 - GET /api/admin/users - 200 (55.0ms)
2026-02-03 02:25:20.391 | INFO     | api.middleware.logging_middleware:dispatch:21 - GET /api/admin/ai-indexing-config - 200 (11.0ms)
2026-02-03 02:25:29.327 | INFO     | api.middleware.logging_middleware:dispatch:21 - POST /api/admin/ai-indexing-config - 200 (10.0ms)
2026-02-03 02:25:31.290 | INFO     | api.middleware.logging_middleware:dispatch:21 - GET /api/admin/ops-logs - 200 (22.0ms)
2026-02-03 02:25:31.294 | INFO     | api.middleware.logging_middleware:dispatch:21 - GET /api/admin/reset-requests - 200 (36.0ms)
2026-02-03 02:25:31.299 | INFO     | api.middleware.logging_middleware:dispatch:21 - GET /api/admin/stats - 200 (51.0ms)
2026-02-03 02:25:31.300 | INFO     | api.middleware.logging_middleware:dispatch:21 - GET /api/admin/users - 200 (47.0ms)
2026-02-03 02:25:31.301 | INFO     | api.middleware.logging_middleware:dispatch:21 - GET /api/admin/sessions - 200 (27.0ms)
2026-02-03 02:25:31.306 | INFO     | api.middleware.logging_middleware:dispatch:21 - GET /api/admin/audit-logs - 200 (48.0ms)
2026-02-03 02:25:32.958 | INFO     | api.middleware.logging_middleware:dispatch:21 - GET /api/ai/session - 200 (8.0ms)
2026-02-03 02:25:39.387 | INFO     | api.middleware.logging_middleware:dispatch:21 - POST /api/conversion/scan - 200 (71.0ms)
2026-02-03 02:25:43.960 | INFO     | api.middleware.logging_middleware:dispatch:21 - POST /api/conversion/convert - 200 (148.0ms)
2026-02-03 02:25:44.004 | INFO     | api.middleware.logging_middleware:dispatch:21 - GET /api/conversion/files/0af54b9d07134044b84313b64c2b876e - 200 (36.0ms)
2026-02-03 02:25:44.026 | INFO     | api.middleware.logging_middleware:dispatch:21 - GET /api/conversion/preview/0af54b9d07134044b84313b64c2b876e/525252.csv - 200 (10.0ms)
2026-02-03 02:25:54.610 | INFO     | api.middleware.logging_middleware:dispatch:21 - GET /api/conversion/preview/0af54b9d07134044b84313b64c2b876e/book_4.4.2.csv - 200 (10.01ms)
2026-02-03 02:25:55.793 | INFO     | api.middleware.logging_middleware:dispatch:21 - GET /api/conversion/preview/0af54b9d07134044b84313b64c2b876e/dissertation_4.4.2.csv - 200 (10.0ms)
2026-02-03 02:27:03.228 | INFO     | api.middleware.logging_middleware:dispatch:21 - POST /api/conversion/scan - 200 (68.88ms)
2026-02-03 02:31:15.824 | INFO     | api.middleware.logging_middleware:dispatch:21 - GET /api/conversion/download/51c817c1f3e64326b99efb213e4aa2f4 - 404 (20.0ms)
2026-02-03 02:31:23.047 | INFO     | api.middleware.logging_middleware:dispatch:21 - POST /api/conversion/convert - 200 (171.0ms)
2026-02-03 02:31:23.078 | INFO     | api.middleware.logging_middleware:dispatch:21 - GET /api/conversion/files/51c817c1f3e64326b99efb213e4aa2f4 - 200 (24.0ms)
2026-02-03 02:31:23.103 | INFO     | api.middleware.logging_middleware:dispatch:21 - GET /api/conversion/preview/51c817c1f3e64326b99efb213e4aa2f4/525252.csv - 200 (12.0ms)
2026-02-03 02:31:26.737 | INFO     | api.middleware.logging_middleware:dispatch:21 - GET /api/conversion/download/51c817c1f3e64326b99efb213e4aa2f4 - 200 (95.0ms)
2026-02-03 02:31:55.733 | INFO     | api.middleware.logging_middleware:dispatch:21 - POST /api/conversion/cleanup/51c817c1f3e64326b99efb213e4aa2f4 - 404 (4.0ms)
2026-02-03 02:31:58.013 | INFO     | api.middleware.logging_middleware:dispatch:21 - POST /api/conversion/cleanup/51c817c1f3e64326b99efb213e4aa2f4 - 404 (4.0ms)
2026-02-03 02:32:30.022 | INFO     | api.middleware.logging_middleware:dispatch:21 - POST /api/conversion/scan - 200 (74.0ms)
2026-02-03 02:32:32.060 | INFO     | api.middleware.logging_middleware:dispatch:21 - POST /api/conversion/convert - 200 (153.14ms)
2026-02-03 02:32:32.102 | INFO     | api.middleware.logging_middleware:dispatch:21 - GET /api/conversion/files/6eb3640066654747852b68fefb1fe49f - 200 (34.0ms)
2026-02-03 02:32:32.124 | INFO     | api.middleware.logging_middleware:dispatch:21 - GET /api/conversion/preview/6eb3640066654747852b68fefb1fe49f/525252.csv - 200 (11.0ms)
2026-02-03 02:32:36.199 | INFO     | api.middleware.logging_middleware:dispatch:21 - POST /api/conversion/scan - 200 (67.0ms)
2026-02-03 02:32:37.041 | INFO     | api.middleware.logging_middleware:dispatch:21 - POST /api/conversion/convert - 200 (163.14ms)
2026-02-03 02:32:37.087 | INFO     | api.middleware.logging_middleware:dispatch:21 - GET /api/conversion/files/f1b48a8028e14390bc2e669b4ab440ea - 200 (37.0ms)
2026-02-03 02:32:37.105 | INFO     | api.middleware.logging_middleware:dispatch:21 - GET /api/conversion/preview/f1b48a8028e14390bc2e669b4ab440ea/525252.csv - 200 (9.0ms)
2026-02-03 02:32:39.522 | INFO     | api.middleware.logging_middleware:dispatch:21 - POST /api/conversion/scan - 200 (71.0ms)
2026-02-03 02:33:33.951 | INFO     | api.middleware.logging_middleware:dispatch:21 - POST /api/auth/refresh - 200 (18.0ms)
2026-02-03 02:33:33.962 | INFO     | api.middleware.logging_middleware:dispatch:21 - GET /api/auth/me - 200 (3.0ms)
2026-02-03 02:33:33.992 | INFO     | api.middleware.logging_middleware:dispatch:21 - GET /api/ai/session - 200 (8.0ms)
2026-02-03 02:33:41.080 | INFO     | api.middleware.logging_middleware:dispatch:21 - POST /api/conversion/scan - 200 (70.0ms)
2026-02-03 02:33:43.353 | INFO     | api.middleware.logging_middleware:dispatch:21 - POST /api/conversion/convert - 200 (167.93ms)
2026-02-03 02:33:43.396 | INFO     | api.middleware.logging_middleware:dispatch:21 - GET /api/conversion/files/b7f79d54a58f49d0811951c83533d116 - 200 (35.0ms)
2026-02-03 02:33:43.420 | INFO     | api.middleware.logging_middleware:dispatch:21 - GET /api/conversion/preview/b7f79d54a58f49d0811951c83533d116/525252.csv - 200 (12.0ms)
2026-02-03 02:34:36.393 | INFO     | api.middleware.logging_middleware:dispatch:21 - POST /api/conversion/convert - 200 (68.0ms)
2026-02-03 02:34:36.425 | INFO     | api.middleware.logging_middleware:dispatch:21 - GET /api/conversion/files/b7f79d54a58f49d0811951c83533d116 - 200 (25.0ms)
2026-02-03 02:34:36.445 | INFO     | api.middleware.logging_middleware:dispatch:21 - GET /api/conversion/preview/b7f79d54a58f49d0811951c83533d116/525252.csv - 200 (10.0ms)
2026-02-03 02:54:00.265 | INFO     | api.middleware.logging_middleware:dispatch:21 - GET /api/ai/session - 200 (8.0ms)
2026-02-03 02:55:02.091 | INFO     | api.middleware.logging_middleware:dispatch:21 - GET /api/ai/session - 200 (9.0ms)
2026-02-03 02:55:20.974 | INFO     | api.middleware.logging_middleware:dispatch:21 - GET /api/ai/session - 200 (8.0ms)
2026-02-03 02:57:01.139 | INFO     | api.middleware.logging_middleware:dispatch:21 - POST /api/auth/refresh - 200 (11.01ms)
2026-02-03 02:57:01.200 | INFO     | api.middleware.logging_middleware:dispatch:21 - GET /api/auth/me - 200 (4.99ms)
2026-02-03 02:57:01.286 | INFO     | api.middleware.logging_middleware:dispatch:21 - GET /api/admin/ops-logs - 200 (26.0ms)
2026-02-03 02:57:01.290 | INFO     | api.middleware.logging_middleware:dispatch:21 - GET /api/admin/reset-requests - 200 (51.0ms)
2026-02-03 02:57:01.297 | INFO     | api.middleware.logging_middleware:dispatch:21 - GET /api/admin/stats - 200 (65.99ms)
2026-02-03 02:57:01.300 | INFO     | api.middleware.logging_middleware:dispatch:21 - GET /api/admin/audit-logs - 200 (60.99ms)
2026-02-03 02:57:01.301 | INFO     | api.middleware.logging_middleware:dispatch:21 - GET /api/admin/sessions - 200 (33.99ms)
2026-02-03 02:57:01.302 | INFO     | api.middleware.logging_middleware:dispatch:21 - GET /api/admin/users - 200 (63.99ms)
2026-02-03 02:57:01.332 | INFO     | api.middleware.logging_middleware:dispatch:21 - GET /api/admin/ai-indexing-config - 200 (10.0ms)
2026-02-03 02:57:08.624 | INFO     | api.middleware.logging_middleware:dispatch:21 - POST /api/auth/refresh - 200 (10.0ms)
2026-02-03 02:57:08.633 | INFO     | api.middleware.logging_middleware:dispatch:21 - GET /api/auth/me - 200 (3.0ms)
2026-02-03 02:57:08.697 | INFO     | api.middleware.logging_middleware:dispatch:21 - GET /api/admin/ops-logs - 200 (35.0ms)
2026-02-03 02:57:08.701 | INFO     | api.middleware.logging_middleware:dispatch:21 - GET /api/admin/reset-requests - 200 (39.0ms)
2026-02-03 02:57:08.707 | INFO     | api.middleware.logging_middleware:dispatch:21 - GET /api/admin/users - 200 (45.0ms)
2026-02-03 02:57:08.708 | INFO     | api.middleware.logging_middleware:dispatch:21 - GET /api/admin/audit-logs - 200 (36.0ms)
2026-02-03 02:57:08.709 | INFO     | api.middleware.logging_middleware:dispatch:21 - GET /api/admin/sessions - 200 (32.0ms)
2026-02-03 02:57:08.711 | INFO     | api.middleware.logging_middleware:dispatch:21 - GET /api/admin/stats - 200 (57.0ms)
2026-02-03 02:57:08.733 | INFO     | api.middleware.logging_middleware:dispatch:21 - GET /api/admin/ai-indexing-config - 200 (8.0ms)
2026-02-03 02:57:10.762 | INFO     | api.middleware.logging_middleware:dispatch:21 - GET /api/ai/session - 200 (8.0ms)
2026-02-03 02:57:34.164 | INFO     | api.middleware.logging_middleware:dispatch:21 - POST /api/conversion/scan - 200 (69.63ms)
2026-02-03 02:57:34.180 | INFO     | api.middleware.logging_middleware:dispatch:21 - GET /api/ai/session-groups/23a9364a80a148c98e8ff34928f36278 - 404 (7.0ms)
2026-02-03 02:57:44.049 | INFO     | api.middleware.logging_middleware:dispatch:21 - POST /api/conversion/convert - 200 (283.0ms)
2026-02-03 02:57:44.118 | INFO     | api.middleware.logging_middleware:dispatch:21 - GET /api/conversion/files/23a9364a80a148c98e8ff34928f36278 - 200 (53.0ms)
2026-02-03 02:57:44.153 | INFO     | api.middleware.logging_middleware:dispatch:21 - GET /api/conversion/preview/23a9364a80a148c98e8ff34928f36278/525252.csv - 200 (12.0ms)
2026-02-03 02:57:59.155 | INFO     | api.middleware.logging_middleware:dispatch:21 - POST /api/auth/refresh - 200 (17.0ms)
2026-02-03 02:57:59.172 | INFO     | api.middleware.logging_middleware:dispatch:21 - GET /api/auth/me - 200 (6.24ms)
2026-02-03 02:57:59.200 | INFO     | api.middleware.logging_middleware:dispatch:21 - GET /api/ai/session - 200 (10.0ms)
2026-02-03 02:59:21.124 | INFO     | api.middleware.logging_middleware:dispatch:21 - POST /api/auth/refresh - 200 (210.54ms)
2026-02-03 02:59:21.137 | INFO     | api.middleware.logging_middleware:dispatch:21 - GET /api/auth/me - 200 (5.0ms)
2026-02-03 02:59:21.227 | INFO     | api.middleware.logging_middleware:dispatch:21 - GET /api/admin/reset-requests - 200 (48.0ms)
2026-02-03 02:59:21.230 | INFO     | api.middleware.logging_middleware:dispatch:21 - GET /api/admin/ops-logs - 200 (49.0ms)
2026-02-03 02:59:21.237 | INFO     | api.middleware.logging_middleware:dispatch:21 - GET /api/admin/stats - 200 (73.0ms)
2026-02-03 02:59:21.237 | INFO     | api.middleware.logging_middleware:dispatch:21 - GET /api/admin/sessions - 200 (37.0ms)
2026-02-03 02:59:21.240 | INFO     | api.middleware.logging_middleware:dispatch:21 - GET /api/admin/users - 200 (75.0ms)
2026-02-03 02:59:21.240 | INFO     | api.middleware.logging_middleware:dispatch:21 - GET /api/admin/audit-logs - 200 (61.0ms)
2026-02-03 02:59:21.263 | INFO     | api.middleware.logging_middleware:dispatch:21 - GET /api/admin/ai-indexing-config - 200 (8.0ms)
2026-02-03 02:59:24.207 | INFO     | api.middleware.logging_middleware:dispatch:21 - POST /api/auth/refresh - 401 (4.0ms)
2026-02-03 02:59:24.312 | INFO     | api.middleware.logging_middleware:dispatch:21 - POST /api/auth/logout - 200 (204.0ms)
2026-02-03 02:59:25.851 | INFO     | api.middleware.logging_middleware:dispatch:21 - POST /api/auth/login - 200 (117.0ms)
2026-02-03 02:59:25.862 | INFO     | api.middleware.logging_middleware:dispatch:21 - GET /api/auth/me - 200 (2.0ms)
2026-02-03 02:59:25.895 | INFO     | api.middleware.logging_middleware:dispatch:21 - GET /api/ai/session - 200 (9.0ms)
2026-02-03 02:59:35.069 | INFO     | api.middleware.logging_middleware:dispatch:21 - POST /api/conversion/scan - 200 (72.0ms)
2026-02-03 02:59:35.101 | INFO     | api.middleware.logging_middleware:dispatch:21 - GET /api/ai/session-groups/c518ebe190144f23bee32d2c8b7f9075 - 200 (22.0ms)
2026-02-03 02:59:39.998 | INFO     | api.middleware.logging_middleware:dispatch:21 - POST /api/conversion/convert - 200 (289.0ms)
2026-02-03 02:59:40.030 | INFO     | api.middleware.logging_middleware:dispatch:21 - GET /api/conversion/files/c518ebe190144f23bee32d2c8b7f9075 - 200 (25.0ms)
2026-02-03 02:59:40.053 | INFO     | api.middleware.logging_middleware:dispatch:21 - GET /api/conversion/preview/c518ebe190144f23bee32d2c8b7f9075/525252.csv - 200 (11.0ms)
2026-02-03 02:59:52.346 | INFO     | api.middleware.logging_middleware:dispatch:21 - POST /api/conversion/convert - 200 (289.99ms)
2026-02-03 02:59:52.374 | INFO     | api.middleware.logging_middleware:dispatch:21 - GET /api/conversion/files/c518ebe190144f23bee32d2c8b7f9075 - 200 (21.0ms)
2026-02-03 03:00:20.440 | INFO     | api.middleware.logging_middleware:dispatch:21 - POST /api/auth/refresh - 200 (12.0ms)
2026-02-03 03:00:20.450 | INFO     | api.middleware.logging_middleware:dispatch:21 - GET /api/auth/me - 200 (3.0ms)
2026-02-03 03:00:20.474 | INFO     | api.middleware.logging_middleware:dispatch:21 - GET /api/ai/session - 200 (9.0ms)
2026-02-03 03:00:22.202 | INFO     | api.middleware.logging_middleware:dispatch:21 - POST /api/auth/refresh - 200 (20.0ms)
2026-02-03 03:00:22.214 | INFO     | api.middleware.logging_middleware:dispatch:21 - GET /api/auth/me - 200 (3.0ms)
2026-02-03 03:00:22.243 | INFO     | api.middleware.logging_middleware:dispatch:21 - GET /api/ai/session - 200 (9.0ms)
2026-02-03 03:00:27.277 | INFO     | api.middleware.logging_middleware:dispatch:21 - POST /api/conversion/scan - 200 (65.0ms)
2026-02-03 03:00:27.305 | INFO     | api.middleware.logging_middleware:dispatch:21 - GET /api/ai/session-groups/2fd960e70456418c9b16a9685643ca65 - 200 (19.0ms)
2026-02-03 03:00:28.112 | INFO     | api.middleware.logging_middleware:dispatch:21 - POST /api/conversion/convert - 200 (275.0ms)
2026-02-03 03:00:28.147 | INFO     | api.middleware.logging_middleware:dispatch:21 - GET /api/conversion/files/2fd960e70456418c9b16a9685643ca65 - 200 (26.0ms)
2026-02-03 03:00:28.180 | INFO     | api.middleware.logging_middleware:dispatch:21 - GET /api/conversion/preview/2fd960e70456418c9b16a9685643ca65/525252.xlsx - 200 (24.01ms)
2026-02-03 03:00:39.324 | INFO     | api.middleware.logging_middleware:dispatch:21 - GET /api/conversion/preview/2fd960e70456418c9b16a9685643ca65/crossmark_2_4.4.2.xlsx - 200 (18.0ms)
2026-02-03 03:00:41.169 | INFO     | api.middleware.logging_middleware:dispatch:21 - GET /api/conversion/preview/2fd960e70456418c9b16a9685643ca65/crossmark_nocrossmark_4.4.2.xlsx - 200 (18.0ms)
2026-02-03 03:00:42.072 | INFO     | api.middleware.logging_middleware:dispatch:21 - GET /api/conversion/download-group/2fd960e70456418c9b16a9685643ca65/CROSSMARK - 404 (5.0ms)
2026-02-03 03:00:49.857 | INFO     | api.middleware.logging_middleware:dispatch:21 - GET /api/conversion/download-group/2fd960e70456418c9b16a9685643ca65/CROSSMARK - 404 (5.0ms)
2026-02-03 03:00:55.124 | INFO     | api.middleware.logging_middleware:dispatch:21 - GET /api/conversion/download-file/2fd960e70456418c9b16a9685643ca65/crossmark_nocrossmark_4.4.2.xlsx - 200 (8.0ms)
2026-02-03 03:07:00.706 | INFO     | api.middleware.logging_middleware:dispatch:21 - POST /api/comparison/run - 500 (42.0ms)
2026-02-03 03:07:04.793 | INFO     | api.middleware.logging_middleware:dispatch:21 - POST /api/comparison/run - 500 (36.0ms)
2026-02-03 03:09:07.155 | INFO     | api.middleware.logging_middleware:dispatch:21 - POST /api/comparison/run - 500 (39.0ms)
2026-02-03 03:09:27.869 | INFO     | api.middleware.logging_middleware:dispatch:21 - DELETE /api/ai/session/27fe31bf-24e4-4f87-b3e6-81a500038650 - 200 (10.0ms)
2026-02-03 03:09:38.906 | INFO     | api.middleware.logging_middleware:dispatch:21 - POST /api/ai/chat - 200 (2869.39ms)
2026-02-03 03:09:48.009 | INFO     | api.middleware.logging_middleware:dispatch:21 - POST /api/conversion/scan - 200 (69.0ms)
2026-02-03 03:09:48.046 | INFO     | api.middleware.logging_middleware:dispatch:21 - GET /api/ai/session-groups/5f842b988f3649e7a35988f553d29ccf - 200 (21.0ms)
2026-02-03 03:09:53.395 | INFO     | api.middleware.logging_middleware:dispatch:21 - POST /api/conversion/scan - 200 (70.0ms)
2026-02-03 03:09:53.424 | INFO     | api.middleware.logging_middleware:dispatch:21 - GET /api/ai/session-groups/712ba60b612f4508ac17fd993bec7835 - 200 (19.0ms)
2026-02-03 03:09:55.217 | INFO     | api.middleware.logging_middleware:dispatch:21 - POST /api/conversion/convert - 200 (318.0ms)
2026-02-03 03:09:55.247 | INFO     | api.middleware.logging_middleware:dispatch:21 - GET /api/conversion/files/712ba60b612f4508ac17fd993bec7835 - 200 (21.99ms)
2026-02-03 03:10:53.431 | INFO     | api.middleware.logging_middleware:dispatch:21 - POST /api/conversion/scan - 200 (67.0ms)
2026-02-03 03:10:53.461 | INFO     | api.middleware.logging_middleware:dispatch:21 - GET /api/ai/session-groups/0bb0b74ed59d4f9b97946da231ac62ed - 200 (21.0ms)
2026-02-03 03:10:57.047 | INFO     | api.middleware.logging_middleware:dispatch:21 - POST /api/conversion/convert - 200 (154.0ms)
2026-02-03 03:10:57.076 | INFO     | api.middleware.logging_middleware:dispatch:21 - GET /api/conversion/files/0bb0b74ed59d4f9b97946da231ac62ed - 200 (22.0ms)
2026-02-03 03:10:57.096 | INFO     | api.middleware.logging_middleware:dispatch:21 - GET /api/conversion/preview/0bb0b74ed59d4f9b97946da231ac62ed/525252.csv - 200 (11.0ms)
2026-02-03 03:11:14.897 | INFO     | api.middleware.logging_middleware:dispatch:21 - GET /api/conversion/preview/0bb0b74ed59d4f9b97946da231ac62ed/journal_article_4.4.2.csv - 200 (27.0ms)
2026-02-03 03:24:19.938 | INFO     | api.middleware.logging_middleware:dispatch:21 - POST /api/auth/refresh - 200 (67.0ms)
2026-02-03 03:24:20.056 | INFO     | api.middleware.logging_middleware:dispatch:21 - GET /api/auth/me - 200 (107.0ms)
2026-02-03 03:24:20.095 | INFO     | api.middleware.logging_middleware:dispatch:21 - GET /api/ai/session - 404 (14.0ms)
2026-02-03 03:24:20.112 | INFO     | api.middleware.logging_middleware:dispatch:21 - POST /api/ai/session - 200 (10.0ms)
2026-02-03 11:08:20.610 | INFO     | api.middleware.logging_middleware:dispatch:21 - POST /api/auth/refresh - 401 (5.0ms)
2026-02-03 11:08:23.148 | INFO     | api.middleware.logging_middleware:dispatch:21 - POST /api/auth/login - 200 (150.0ms)
2026-02-03 11:08:23.161 | INFO     | api.middleware.logging_middleware:dispatch:21 - GET /api/auth/me - 200 (5.0ms)
2026-02-03 11:08:23.202 | INFO     | api.middleware.logging_middleware:dispatch:21 - GET /api/ai/session - 200 (12.99ms)
2026-02-03 11:08:42.831 | INFO     | api.middleware.logging_middleware:dispatch:21 - POST /api/conversion/scan - 200 (143.0ms)
2026-02-03 11:08:42.859 | INFO     | api.middleware.logging_middleware:dispatch:21 - GET /api/ai/session-groups/1279a9b1f2664a92bdc2ded8affc9690 - 200 (19.0ms)
2026-02-03 11:08:45.039 | INFO     | api.middleware.logging_middleware:dispatch:21 - POST /api/conversion/scan - 200 (64.97ms)
2026-02-03 11:08:45.066 | INFO     | api.middleware.logging_middleware:dispatch:21 - GET /api/ai/session-groups/c503d822474841189807aa3703a860bb - 200 (18.0ms)
2026-02-03 11:08:46.226 | INFO     | api.middleware.logging_middleware:dispatch:21 - POST /api/conversion/convert - 200 (420.0ms)
2026-02-03 11:08:46.265 | INFO     | api.middleware.logging_middleware:dispatch:21 - GET /api/conversion/files/c503d822474841189807aa3703a860bb - 200 (28.01ms)
2026-02-03 11:08:46.306 | INFO     | api.middleware.logging_middleware:dispatch:21 - GET /api/conversion/preview/c503d822474841189807aa3703a860bb/525252.csv - 200 (31.01ms)
2026-02-03 11:08:51.699 | INFO     | api.middleware.logging_middleware:dispatch:21 - GET /api/conversion/preview/c503d822474841189807aa3703a860bb/conf_series_4.4.2.csv - 200 (25.0ms)
2026-02-03 11:08:54.220 | INFO     | api.middleware.logging_middleware:dispatch:21 - GET /api/conversion/preview/c503d822474841189807aa3703a860bb/journal_article_4.4.2.csv - 200 (24.0ms)
2026-02-03 11:11:37.598 | INFO     | api.middleware.logging_middleware:dispatch:21 - POST /api/comparison/run - 200 (47.0ms)
2026-02-03 11:12:03.881 | INFO     | api.middleware.logging_middleware:dispatch:21 - POST /api/comparison/run - 500 (38.0ms)
2026-02-03 11:12:05.255 | INFO     | api.middleware.logging_middleware:dispatch:21 - POST /api/comparison/run - 500 (41.0ms)
2026-02-03 11:12:14.374 | INFO     | api.middleware.logging_middleware:dispatch:21 - POST /api/comparison/run - 500 (40.0ms)
2026-02-03 11:12:27.050 | INFO     | api.middleware.logging_middleware:dispatch:21 - POST /api/comparison/run - 200 (60.0ms)
2026-02-03 11:12:43.326 | INFO     | api.middleware.logging_middleware:dispatch:21 - POST /api/conversion/convert - 200 (67.0ms)
2026-02-03 11:12:43.357 | INFO     | api.middleware.logging_middleware:dispatch:21 - GET /api/conversion/files/c503d822474841189807aa3703a860bb - 200 (21.0ms)
2026-02-03 11:12:43.405 | INFO     | api.middleware.logging_middleware:dispatch:21 - GET /api/conversion/preview/c503d822474841189807aa3703a860bb/525252.csv - 200 (10.99ms)
2026-02-03 11:14:58.244 | INFO     | api.middleware.logging_middleware:dispatch:21 - POST /api/comparison/run - 500 (33.0ms)
2026-02-03 11:28:46.506 | INFO     | api.middleware.logging_middleware:dispatch:21 - POST /api/auth/refresh - 200 (43.0ms)
2026-02-03 11:28:46.528 | INFO     | api.middleware.logging_middleware:dispatch:21 - GET /api/auth/me - 200 (7.0ms)
2026-02-03 11:28:46.563 | INFO     | api.middleware.logging_middleware:dispatch:21 - GET /api/ai/session - 200 (13.0ms)
2026-02-03 11:28:58.246 | INFO     | api.middleware.logging_middleware:dispatch:21 - POST /api/comparison/run - 500 (126.03ms)
2026-02-03 11:29:04.706 | INFO     | api.middleware.logging_middleware:dispatch:21 - POST /api/comparison/run - 200 (66.11ms)
2026-02-03 11:34:53.380 | INFO     | api.middleware.logging_middleware:dispatch:21 - POST /api/auth/refresh - 200 (10.0ms)
2026-02-03 11:34:53.438 | INFO     | api.middleware.logging_middleware:dispatch:21 - GET /api/auth/me - 200 (4.0ms)
2026-02-03 11:34:53.484 | INFO     | api.middleware.logging_middleware:dispatch:21 - GET /api/ai/session - 200 (9.0ms)
